<?xml version="1.0" encoding="UTF-8"?>
<!-- Generated by org.testng.reporters.JUnitReportReporter -->
<testsuite hostname="DESKTOP-OHVP7TO" failures="0" tests="1" name="com.herokuapp.theinternet.PositiveTests" time="31.059" errors="0" timestamp="11 Apr 2021 17:03:25 GMT" skipped="0">
  <testcase classname="com.herokuapp.theinternet.PositiveTests" name="loginTest" time="31.059"/>
</testsuite> <!-- com.herokuapp.theinternet.PositiveTests -->
