<?xml version="1.0" encoding="UTF-8"?>
<!-- Generated by org.testng.reporters.JUnitReportReporter -->
<testsuite hostname="DESKTOP-OHVP7TO" failures="0" tests="1" name="com.herokuapp.theinternet.NegativeTests" time="35.320" errors="0" timestamp="11 Apr 2021 15:49:07 GMT" skipped="0">
  <testcase classname="com.herokuapp.theinternet.NegativeTests" name="incorrectUsernameTest" time="35.320"/>
</testsuite> <!-- com.herokuapp.theinternet.NegativeTests -->
