<?xml version="1.0" encoding="UTF-8"?>
<!-- Generated by org.testng.reporters.JUnitReportReporter -->
<testsuite skipped="0" hostname="DESKTOP-OHVP7TO" name="com.herokuapp.theinternet.NegativeTests" tests="2" failures="0" timestamp="11 Apr 2021 15:24:33 GMT" time="62.231" errors="0">
  <testcase name="incorrectPasswordTest" time="26.594" classname="com.herokuapp.theinternet.NegativeTests"/>
  <testcase name="incorrectUsernameTest" time="35.637" classname="com.herokuapp.theinternet.NegativeTests"/>
</testsuite> <!-- com.herokuapp.theinternet.NegativeTests -->
