<?xml version="1.0" encoding="UTF-8"?>
<!-- Generated by org.testng.reporters.JUnitReportReporter -->
<testsuite skipped="0" hostname="DESKTOP-OHVP7TO" name="com.herokuapp.theinternet.PositiveTests" tests="1" failures="0" timestamp="11 Apr 2021 15:24:33 GMT" time="30.950" errors="0">
  <testcase name="loginTest" time="30.950" classname="com.herokuapp.theinternet.PositiveTests"/>
</testsuite> <!-- com.herokuapp.theinternet.PositiveTests -->
